<?xml version="1.0" encoding="UTF-8"?>
<!-- Generated by org.testng.reporters.JUnitXMLReporter -->
<testsuite hostname="G3G52VP2E" ignored="0" name="PHP Travels App Test Cases" tests="8" failures="0" timestamp="2020-10-03T12:38:18 IST" time="4.84" errors="0">
  <testcase name="@BeforeTest setUp" time="4.445" classname="com.dgsl.phptravels.testcases.RegistrationPageTest">
    <failure type="java.lang.NoSuchMethodError" message="com.google.common.collect.ImmutableSortedSet.toImmutableSortedSet(Ljava/util/Comparator;)Ljava/util/stream/Collector;">
      <![CDATA[java.lang.NoSuchMethodError: com.google.common.collect.ImmutableSortedSet.toImmutableSortedSet(Ljava/util/Comparator;)Ljava/util/stream/Collector;
at org.openqa.selenium.remote.NewSessionPayload.lambda$validate$3(NewSessionPayload.java:191)
at java.util.stream.ReferencePipeline$11$1.accept(Unknown Source)
at java.util.stream.ReferencePipeline$3$1.accept(Unknown Source)
at java.util.stream.ReferencePipeline$11$1.accept(Unknown Source)
at java.util.Iterator.forEachRemaining(Unknown Source)
at java.util.Spliterators$IteratorSpliterator.forEachRemaining(Unknown Source)
at java.util.stream.AbstractPipeline.copyInto(Unknown Source)
at java.util.stream.AbstractPipeline.wrapAndCopyInto(Unknown Source)
at java.util.stream.ForEachOps$ForEachOp.evaluateSequential(Unknown Source)
at java.util.stream.ForEachOps$ForEachOp$OfRef.evaluateSequential(Unknown Source)
at java.util.stream.AbstractPipeline.evaluate(Unknown Source)
at java.util.stream.ReferencePipeline.forEach(Unknown Source)
at org.openqa.selenium.remote.NewSessionPayload.validate(NewSessionPayload.java:207)
at org.openqa.selenium.remote.NewSessionPayload.<init>(NewSessionPayload.java:152)
at org.openqa.selenium.remote.NewSessionPayload.create(NewSessionPayload.java:99)
at org.openqa.selenium.remote.NewSessionPayload.create(NewSessionPayload.java:94)
at org.openqa.selenium.remote.ProtocolHandshake.createSession(ProtocolHandshake.java:69)
at org.openqa.selenium.remote.HttpCommandExecutor.execute(HttpCommandExecutor.java:138)
at org.openqa.selenium.remote.service.DriverCommandExecutor.execute(DriverCommandExecutor.java:83)
at org.openqa.selenium.remote.RemoteWebDriver.execute(RemoteWebDriver.java:582)
at org.openqa.selenium.remote.RemoteWebDriver.startSession(RemoteWebDriver.java:216)
at org.openqa.selenium.remote.RemoteWebDriver.<init>(RemoteWebDriver.java:136)
at org.openqa.selenium.chromium.ChromiumDriver.<init>(ChromiumDriver.java:75)
at org.openqa.selenium.chrome.ChromeDriver.<init>(ChromeDriver.java:163)
at org.openqa.selenium.chrome.ChromeDriver.<init>(ChromeDriver.java:150)
at org.openqa.selenium.chrome.ChromeDriver.<init>(ChromeDriver.java:105)
at com.dgsl.phptravels.base.TestBase.initBrowser(TestBase.java:78)
at com.dgsl.phptravels.testcases.RegistrationPageTest.setUp(RegistrationPageTest.java:31)
... Removed 24 stack frames]]>
    </failure>
  </testcase> <!-- @BeforeTest setUp -->
  <testcase name="@BeforeTest setExtent" time="-1.601708898174E9" classname="com.dgsl.phptravels.testcases.WelcomePageTest">
    <skipped/>
  </testcase> <!-- @BeforeTest setExtent -->
  <testcase name="@BeforeMethod setUp" time="-1.601708898224E9" classname="com.dgsl.phptravels.testcases.WelcomePageTest">
    <skipped/>
  </testcase> <!-- @BeforeMethod setUp -->
  <testcase name="@BeforeMethod setUp" time="-1.601708898226E9" classname="com.dgsl.phptravels.testcases.AccountPageTest">
    <skipped/>
  </testcase> <!-- @BeforeMethod setUp -->
  <testcase name="@BeforeMethod setUp" time="-1.601708898226E9" classname="com.dgsl.phptravels.testcases.AccountPageTest">
    <skipped/>
  </testcase> <!-- @BeforeMethod setUp -->
  <testcase name="@AfterMethod tearDown" time="-1.601708898241E9" classname="com.dgsl.phptravels.testcases.WelcomePageTest">
    <skipped/>
  </testcase> <!-- @AfterMethod tearDown -->
  <testcase name="@AfterMethod tearDown" time="-1.601708898248E9" classname="com.dgsl.phptravels.testcases.RegistrationPageTest">
    <skipped/>
  </testcase> <!-- @AfterMethod tearDown -->
  <testcase name="@BeforeMethod setUp" time="-1.601708898255E9" classname="com.dgsl.phptravels.testcases.WelcomePageTest">
    <skipped/>
  </testcase> <!-- @BeforeMethod setUp -->
  <testcase name="@AfterMethod tearDown" time="-1.601708898265E9" classname="com.dgsl.phptravels.testcases.WelcomePageTest">
    <skipped/>
  </testcase> <!-- @AfterMethod tearDown -->
  <testcase name="@AfterMethod tearDown" time="-1.601708898266E9" classname="com.dgsl.phptravels.testcases.RegistrationPageTest">
    <skipped/>
  </testcase> <!-- @AfterMethod tearDown -->
  <testcase name="@BeforeMethod setUp" time="-1.601708898271E9" classname="com.dgsl.phptravels.testcases.WelcomePageTest">
    <skipped/>
  </testcase> <!-- @BeforeMethod setUp -->
  <testcase name="@AfterMethod tearDown" time="-1.601708898273E9" classname="com.dgsl.phptravels.testcases.AccountPageTest">
    <skipped/>
  </testcase> <!-- @AfterMethod tearDown -->
  <testcase name="@AfterMethod tearDown" time="-1.601708898281E9" classname="com.dgsl.phptravels.testcases.AccountPageTest">
    <skipped/>
  </testcase> <!-- @AfterMethod tearDown -->
  <testcase name="@AfterMethod tearDown" time="-1.601708898297E9" classname="com.dgsl.phptravels.testcases.WelcomePageTest">
    <skipped/>
  </testcase> <!-- @AfterMethod tearDown -->
  <testcase name="@AfterMethod tearDown" time="-1.601708898306E9" classname="com.dgsl.phptravels.testcases.RegistrationPageTest">
    <skipped/>
  </testcase> <!-- @AfterMethod tearDown -->
  <testcase name="@AfterTest endExtent" time="-1.601708898312E9" classname="com.dgsl.phptravels.testcases.AccountPageTest">
    <skipped/>
  </testcase> <!-- @AfterTest endExtent -->
  <testcase name="@AfterTest endExtent" time="-1.601708898315E9" classname="com.dgsl.phptravels.testcases.RegistrationPageTest">
    <skipped/>
  </testcase> <!-- @AfterTest endExtent -->
  <testcase name="@AfterTest endExtent" time="-1.601708898318E9" classname="com.dgsl.phptravels.testcases.WelcomePageTest">
    <skipped/>
  </testcase> <!-- @AfterTest endExtent -->
  <testcase name="welcomePageTitleTest" time="0.0" classname="com.dgsl.phptravels.testcases.WelcomePageTest">
    <skipped/>
  </testcase> <!-- welcomePageTitleTest -->
  <testcase name="registrationPageTitleTest" time="0.0" classname="com.dgsl.phptravels.testcases.RegistrationPageTest">
    <skipped/>
  </testcase> <!-- registrationPageTitleTest -->
  <testcase name="signUpTextTest" time="0.0" classname="com.dgsl.phptravels.testcases.RegistrationPageTest">
    <skipped/>
  </testcase> <!-- signUpTextTest -->
  <testcase name="logoutLinkTest" time="0.0" classname="com.dgsl.phptravels.testcases.AccountPageTest">
    <skipped/>
  </testcase> <!-- logoutLinkTest -->
  <testcase name="welcomePageLogoTest" time="0.0" classname="com.dgsl.phptravels.testcases.WelcomePageTest">
    <skipped/>
  </testcase> <!-- welcomePageLogoTest -->
  <testcase name="accountPageTitleTest" time="0.0" classname="com.dgsl.phptravels.testcases.AccountPageTest">
    <skipped/>
  </testcase> <!-- accountPageTitleTest -->
  <testcase name="signUpLinkTest" time="0.0" classname="com.dgsl.phptravels.testcases.WelcomePageTest">
    <skipped/>
  </testcase> <!-- signUpLinkTest -->
  <testcase name="registerNewUserTest" time="0.0" classname="com.dgsl.phptravels.testcases.RegistrationPageTest">
    <skipped/>
  </testcase> <!-- registerNewUserTest -->
</testsuite> <!-- PHP Travels App Test Cases -->
