<?xml version="1.0" encoding="UTF-8"?>
<!-- Generated by org.testng.reporters.JUnitXMLReporter -->
<testsuite hostname="G3G52VP2E" ignored="0" name="API Automation Test Case" tests="3" failures="0" timestamp="2020-09-27T18:38:28 IST" time="1.85" errors="0">
  <testcase name="getAPITestWithoutHeaders" time="1.136" classname="com.dgsl.restapi.tests.GetAPITest"/>
  <testcase name="postAPITestWithHeader" time="1.235" classname="com.dgsl.restapi.tests.PostAPITest"/>
  <testcase name="getAPITestWithHeaders" time="0.644" classname="com.dgsl.restapi.tests.GetAPITest"/>
</testsuite> <!-- API Automation Test Case -->
